[2018-01-28T02:48:02.779] [INFO] default - Bot's id = 4218
[2018-01-28T02:48:02.784] [INFO] default - User's id = 5343
[2018-01-28T02:48:02.871] [INFO] default - Username : Vᴇɴᴏᴍ
[2018-01-28T02:48:02.872] [INFO] default - Message : lmaoooooooooooooooooooooooooooo
[2018-01-28T02:48:02.872] [INFO] default - --------------------------------------
[2018-01-28T02:48:14.928] [INFO] default - Bot's id = 4218
[2018-01-28T02:48:14.928] [INFO] default - User's id = 5405
[2018-01-28T02:48:14.929] [INFO] default - Username : Anaconda
[2018-01-28T02:48:14.930] [INFO] default - Message : we dont want drama right venom?
[2018-01-28T02:48:14.931] [INFO] default - --------------------------------------
[2018-01-28T02:48:19.814] [INFO] default - Bot's id = 4218
[2018-01-28T02:48:19.815] [INFO] default - User's id = 5343
[2018-01-28T02:48:19.815] [INFO] default - Username : Vᴇɴᴏᴍ
[2018-01-28T02:48:19.816] [INFO] default - Message : no drama please
[2018-01-28T02:48:19.816] [INFO] default - --------------------------------------
[2018-01-28T02:48:22.410] [INFO] default - Bot's id = 4218
[2018-01-28T02:48:22.413] [INFO] default - User's id = 5343
[2018-01-28T02:48:22.416] [INFO] default - Username : Vᴇɴᴏᴍ
[2018-01-28T02:48:22.418] [INFO] default - Message : thank u lordt
[2018-01-28T02:48:22.419] [INFO] default - --------------------------------------
[2018-01-28T02:48:25.235] [INFO] default - Bot's id = 4218
[2018-01-28T02:48:25.236] [INFO] default - User's id = 5405
[2018-01-28T02:48:25.237] [INFO] default - Username : Anaconda
[2018-01-28T02:48:25.238] [INFO] default - Message : yes please ❤
[2018-01-28T02:48:25.239] [INFO] default - --------------------------------------
[2018-01-28T02:51:55.314] [INFO] default - Bot's id = 4218
[2018-01-28T02:51:55.315] [INFO] default - User's id = 8509
[2018-01-28T02:51:55.316] [INFO] default - Username : Francefire
[2018-01-28T02:51:55.317] [INFO] default - Message : hi 😀
[2018-01-28T02:51:55.318] [INFO] default - --------------------------------------
[2018-01-28T02:55:45.766] [INFO] default - Bot's id = 4218
[2018-01-28T02:55:45.769] [INFO] default - User's id = 5472
[2018-01-28T02:55:45.771] [INFO] default - Username : Chow
[2018-01-28T02:55:45.773] [INFO] default - Message : cant hear u in ts france
[2018-01-28T02:55:45.775] [INFO] default - --------------------------------------
[2018-01-28T03:02:34.376] [INFO] default - Bot's id = 4218
[2018-01-28T03:02:34.377] [INFO] default - User's id = 0568
[2018-01-28T03:02:34.379] [INFO] default - Username : bigmantis420
[2018-01-28T03:02:34.381] [INFO] default - Message : 
[2018-01-28T03:02:34.382] [INFO] default - --------------------------------------
